2014-01-27 07:34:53,861 DEBUG: MESSAGE endpoint called [in /Users/petrus/Desktop/code4sa/odac-ford-housing/msg_handler/views.py:180]
2014-01-27 07:34:53,865 DEBUG: {
    "msg_type": "ussd", 
    "from_addr": "+27738257667", 
    "timestamp": "2013-12-02 06:28:07.430549", 
    "conversation_key": "e0f8163ba0f9490899b1b36175e84105", 
    "content": "1", 
    "message_id": "3f674c5ee67f44a5bf75c7a0f3721038"
} [in /Users/petrus/Desktop/code4sa/odac-ford-housing/msg_handler/views.py:189]
2014-01-27 07:34:53,867 DEBUG: PREVIOUS MENU: None [in /Users/petrus/Desktop/code4sa/odac-ford-housing/msg_handler/views.py:109]
2014-01-27 07:34:53,867 DEBUG: I've been raped / sexually abused what do I do now?
0: Back
1: Important Information
2: Reporting
3: Medical Treatment
4: Evidence
5: Alcohol / Drugs [in /Users/petrus/Desktop/code4sa/odac-ford-housing/msg_handler/views.py:202]
2014-01-27 07:34:53,873 DEBUG: MESSAGE endpoint called [in /Users/petrus/Desktop/code4sa/odac-ford-housing/msg_handler/views.py:180]
2014-01-27 07:34:53,873 DEBUG: {
    "msg_type": "sms", 
    "from_addr": "+27738257732", 
    "timestamp": "2014-01-24 12:56:45.481038", 
    "conversation_key": "f7cf6033331e43b5bf84be6841ef2e65", 
    "content": "test", 
    "message_id": "67f12baf5ff5426e80d7c15403227241"
} [in /Users/petrus/Desktop/code4sa/odac-ford-housing/msg_handler/views.py:189]
2014-01-27 07:34:53,886 DEBUG: Reply: 
{"content": "Thanks you for submitting your query. It will be attended to as soon as possible.", "in_reply_to": "67f12baf5ff5426e80d7c15403227241", "session_event": "resume"} [in /Users/petrus/Desktop/code4sa/odac-ford-housing/msg_handler/vumi_go.py:39]
2014-01-27 07:43:28,316 DEBUG: MESSAGE endpoint called [in /Users/petrus/Desktop/code4sa/odac-ford-housing/msg_handler/views.py:180]
2014-01-27 07:43:28,319 DEBUG: {
    "msg_type": "ussd", 
    "from_addr": "+27738257667", 
    "timestamp": "2013-12-02 06:28:07.430549", 
    "conversation_key": "e0f8163ba0f9490899b1b36175e84105", 
    "content": "1", 
    "message_id": "3f674c5ee67f44a5bf75c7a0f3721038"
} [in /Users/petrus/Desktop/code4sa/odac-ford-housing/msg_handler/views.py:189]
2014-01-27 07:43:28,321 DEBUG: PREVIOUS MENU: None [in /Users/petrus/Desktop/code4sa/odac-ford-housing/msg_handler/views.py:109]
2014-01-27 07:43:28,321 DEBUG: I've been raped / sexually abused what do I do now?
0: Back
1: Important Information
2: Reporting
3: Medical Treatment
4: Evidence
5: Alcohol / Drugs [in /Users/petrus/Desktop/code4sa/odac-ford-housing/msg_handler/views.py:202]
2014-01-27 07:43:28,327 DEBUG: MESSAGE endpoint called [in /Users/petrus/Desktop/code4sa/odac-ford-housing/msg_handler/views.py:180]
2014-01-27 07:43:28,327 DEBUG: {
    "msg_type": "sms", 
    "from_addr": "+27738257732", 
    "timestamp": "2014-01-24 12:56:45.481038", 
    "conversation_key": "f7cf6033331e43b5bf84be6841ef2e65", 
    "content": "test", 
    "message_id": "67f12baf5ff5426e80d7c15403227241"
} [in /Users/petrus/Desktop/code4sa/odac-ford-housing/msg_handler/views.py:189]
2014-01-27 07:43:28,348 DEBUG: REPLY 
{
    "content": "Thanks you for submitting your query. It will be attended to as soon as possible.", 
    "in_reply_to": "67f12baf5ff5426e80d7c15403227241", 
    "session_event": "resume"
} [in /Users/petrus/Desktop/code4sa/odac-ford-housing/msg_handler/vumi_go.py:39]
2014-01-27 07:46:10,286 DEBUG: MESSAGE endpoint called [in /Users/petrus/Desktop/code4sa/odac-ford-housing/msg_handler/views.py:180]
2014-01-27 07:46:10,290 DEBUG: {
    "msg_type": "ussd", 
    "from_addr": "+27738257667", 
    "timestamp": "2013-12-02 06:28:07.430549", 
    "conversation_key": "e0f8163ba0f9490899b1b36175e84105", 
    "content": "1", 
    "message_id": "3f674c5ee67f44a5bf75c7a0f3721038"
} [in /Users/petrus/Desktop/code4sa/odac-ford-housing/msg_handler/views.py:189]
2014-01-27 07:46:10,291 DEBUG: PREVIOUS MENU: 0 [in /Users/petrus/Desktop/code4sa/odac-ford-housing/msg_handler/views.py:109]
2014-01-27 07:46:10,292 DEBUG: Important Information
0: Back
2: Next
Make sure that you are safe. You can call the police to come to help you [in /Users/petrus/Desktop/code4sa/odac-ford-housing/msg_handler/views.py:202]
2014-01-27 07:46:10,297 DEBUG: MESSAGE endpoint called [in /Users/petrus/Desktop/code4sa/odac-ford-housing/msg_handler/views.py:180]
2014-01-27 07:46:10,298 DEBUG: {
    "msg_type": "sms", 
    "from_addr": "+27738257732", 
    "timestamp": "2014-01-24 12:56:45.481038", 
    "conversation_key": "f7cf6033331e43b5bf84be6841ef2e65", 
    "content": "test", 
    "message_id": "67f12baf5ff5426e80d7c15403227241"
} [in /Users/petrus/Desktop/code4sa/odac-ford-housing/msg_handler/views.py:189]
2014-01-27 07:46:10,311 DEBUG: REPLY 
{
    "content": "Thanks you for submitting your query. It will be attended to as soon as possible.", 
    "in_reply_to": "67f12baf5ff5426e80d7c15403227241", 
    "session_event": "resume"
} [in /Users/petrus/Desktop/code4sa/odac-ford-housing/msg_handler/vumi_go.py:39]
2014-01-27 07:46:11,962 DEBUG: MESSAGE endpoint called [in /Users/petrus/Desktop/code4sa/odac-ford-housing/msg_handler/views.py:180]
2014-01-27 07:46:11,963 DEBUG: {
    "msg_type": "ussd", 
    "from_addr": "+27738257667", 
    "timestamp": "2013-12-02 06:28:07.430549", 
    "conversation_key": "e0f8163ba0f9490899b1b36175e84105", 
    "content": "1", 
    "message_id": "3f674c5ee67f44a5bf75c7a0f3721038"
} [in /Users/petrus/Desktop/code4sa/odac-ford-housing/msg_handler/views.py:189]
2014-01-27 07:46:11,963 DEBUG: PREVIOUS MENU: 00 [in /Users/petrus/Desktop/code4sa/odac-ford-housing/msg_handler/views.py:109]
2014-01-27 07:46:11,964 DEBUG: Important Information
0: Back
2: Next
Make sure that you are safe. You can call the police to come to help you [in /Users/petrus/Desktop/code4sa/odac-ford-housing/msg_handler/views.py:202]
2014-01-27 07:46:11,969 DEBUG: MESSAGE endpoint called [in /Users/petrus/Desktop/code4sa/odac-ford-housing/msg_handler/views.py:180]
2014-01-27 07:46:11,970 DEBUG: {
    "msg_type": "sms", 
    "from_addr": "+27738257732", 
    "timestamp": "2014-01-24 12:56:45.481038", 
    "conversation_key": "f7cf6033331e43b5bf84be6841ef2e65", 
    "content": "test", 
    "message_id": "67f12baf5ff5426e80d7c15403227241"
} [in /Users/petrus/Desktop/code4sa/odac-ford-housing/msg_handler/views.py:189]
2014-01-27 07:46:11,977 DEBUG: REPLY 
{
    "content": "Thanks you for submitting your query. It will be attended to as soon as possible.", 
    "in_reply_to": "67f12baf5ff5426e80d7c15403227241", 
    "session_event": "resume"
} [in /Users/petrus/Desktop/code4sa/odac-ford-housing/msg_handler/vumi_go.py:39]
2014-01-27 07:46:57,572 DEBUG: MESSAGE endpoint called [in /Users/petrus/Desktop/code4sa/odac-ford-housing/msg_handler/views.py:180]
2014-01-27 07:46:57,576 DEBUG: {
    "msg_type": "ussd", 
    "from_addr": "+27738257667", 
    "timestamp": "2013-12-02 06:28:07.430549", 
    "conversation_key": "e0f8163ba0f9490899b1b36175e84105", 
    "content": "1", 
    "message_id": "3f674c5ee67f44a5bf75c7a0f3721038"
} [in /Users/petrus/Desktop/code4sa/odac-ford-housing/msg_handler/views.py:189]
2014-01-27 07:46:57,577 DEBUG: PREVIOUS MENU: 00 [in /Users/petrus/Desktop/code4sa/odac-ford-housing/msg_handler/views.py:109]
2014-01-27 07:46:57,578 DEBUG: Important Information
0: Back
2: Next
Make sure that you are safe. You can call the police to come to help you [in /Users/petrus/Desktop/code4sa/odac-ford-housing/msg_handler/views.py:202]
2014-01-27 07:46:57,583 DEBUG: MESSAGE endpoint called [in /Users/petrus/Desktop/code4sa/odac-ford-housing/msg_handler/views.py:180]
2014-01-27 07:46:57,584 DEBUG: {
    "msg_type": "sms", 
    "from_addr": "+27738257732", 
    "timestamp": "2014-01-24 12:56:45.481038", 
    "conversation_key": "f7cf6033331e43b5bf84be6841ef2e65", 
    "content": "test", 
    "message_id": "67f12baf5ff5426e80d7c15403227241"
} [in /Users/petrus/Desktop/code4sa/odac-ford-housing/msg_handler/views.py:189]
2014-01-27 07:46:57,594 DEBUG: REPLY 
{
    "content": "Thanks you for submitting your query. It will be attended to as soon as possible.", 
    "in_reply_to": "67f12baf5ff5426e80d7c15403227241", 
    "session_event": "resume"
} [in /Users/petrus/Desktop/code4sa/odac-ford-housing/msg_handler/vumi_go.py:39]
2014-01-27 07:46:58,838 DEBUG: MESSAGE endpoint called [in /Users/petrus/Desktop/code4sa/odac-ford-housing/msg_handler/views.py:180]
2014-01-27 07:46:58,839 DEBUG: {
    "msg_type": "ussd", 
    "from_addr": "+27738257667", 
    "timestamp": "2013-12-02 06:28:07.430549", 
    "conversation_key": "e0f8163ba0f9490899b1b36175e84105", 
    "content": "1", 
    "message_id": "3f674c5ee67f44a5bf75c7a0f3721038"
} [in /Users/petrus/Desktop/code4sa/odac-ford-housing/msg_handler/views.py:189]
2014-01-27 07:46:58,839 DEBUG: PREVIOUS MENU: 00 [in /Users/petrus/Desktop/code4sa/odac-ford-housing/msg_handler/views.py:109]
2014-01-27 07:46:58,840 DEBUG: Important Information
0: Back
2: Next
Make sure that you are safe. You can call the police to come to help you [in /Users/petrus/Desktop/code4sa/odac-ford-housing/msg_handler/views.py:202]
2014-01-27 07:46:58,845 DEBUG: MESSAGE endpoint called [in /Users/petrus/Desktop/code4sa/odac-ford-housing/msg_handler/views.py:180]
2014-01-27 07:46:58,846 DEBUG: {
    "msg_type": "sms", 
    "from_addr": "+27738257732", 
    "timestamp": "2014-01-24 12:56:45.481038", 
    "conversation_key": "f7cf6033331e43b5bf84be6841ef2e65", 
    "content": "test", 
    "message_id": "67f12baf5ff5426e80d7c15403227241"
} [in /Users/petrus/Desktop/code4sa/odac-ford-housing/msg_handler/views.py:189]
2014-01-27 07:46:58,849 DEBUG: REPLY 
{
    "content": "Thanks you for submitting your query. It will be attended to as soon as possible.", 
    "in_reply_to": "67f12baf5ff5426e80d7c15403227241", 
    "session_event": "resume"
} [in /Users/petrus/Desktop/code4sa/odac-ford-housing/msg_handler/vumi_go.py:39]
